<?xml version="1.0" encoding="UTF-8"?>
<!-- Generated by org.testng.reporters.JUnitReportReporter -->
<testsuite hostname="TYSS-Anupama-A-R" failures="0" tests="1" name="testScrpitRepo.FAQ001" time="8.932" errors="0" timestamp="2024-01-16T10:56:47 IST" skipped="0">
  <testcase classname="testScrpitRepo.FAQ001" name="testCase3" time="8.932"/>
  <system-out/>
</testsuite> <!-- testScrpitRepo.FAQ001 -->
