<?xml version="1.0" encoding="UTF-8"?>
<!-- Generated by org.testng.reporters.JUnitReportReporter -->
<testsuite hostname="TYSS-Anupama-A-R" failures="0" tests="1" name="testScrpitRepo.DM001" time="14.884" errors="0" timestamp="2024-01-16T11:41:31 IST" skipped="0">
  <testcase classname="testScrpitRepo.DM001" name="testCase2" time="14.884"/>
  <system-out/>
</testsuite> <!-- testScrpitRepo.DM001 -->
