<?xml version="1.0" encoding="UTF-8"?>
<!-- Generated by org.testng.reporters.JUnitReportReporter -->
<testsuite hostname="TYSS-Anupama-A-R" failures="0" tests="3" name="sampletTestNGPrograms.SampleTestNGMethod" time="0.020" errors="0" timestamp="2024-01-12T15:34:19 IST" skipped="0">
  <testcase classname="sampletTestNGPrograms.SampleTestNGMethod" name="deleteUser" time="0.016"/>
  <system-out/>
  <testcase classname="sampletTestNGPrograms.SampleTestNGMethod" name="createUser" time="0.002"/>
  <system-out/>
  <testcase classname="sampletTestNGPrograms.SampleTestNGMethod" name="modifyUser" time="0.002"/>
  <system-out/>
</testsuite> <!-- sampletTestNGPrograms.SampleTestNGMethod -->
