<?xml version="1.0" encoding="UTF-8"?>
<!-- Generated by org.testng.reporters.JUnitReportReporter -->
<testsuite hostname="TYSS-Anupama-A-R" failures="0" tests="1" name="testScrpitRepo.PD001" time="11.367" errors="0" timestamp="2024-01-12T17:58:25 IST" skipped="0">
  <testcase classname="testScrpitRepo.PD001" name="testCase1" time="11.367"/>
  <system-out/>
</testsuite> <!-- testScrpitRepo.PD001 -->
