<?xml version="1.0" encoding="UTF-8"?>
<!-- Generated by org.testng.reporters.JUnitReportReporter -->
<testsuite hostname="TYSS-Anupama-A-R" failures="0" tests="7" name="sampletTestNGPrograms.Sample2" time="0.027" errors="0" timestamp="2024-01-12T15:47:38 IST" skipped="0">
  <testcase classname="sampletTestNGPrograms.Sample2" name="createUser" time="0.014"/>
  <system-out/>
  <testcase classname="sampletTestNGPrograms.Sample2" name="modifyUser" time="0.004"/>
  <system-out>
    <![CDATA[modify user depends on Create User]]>
  </system-out>
  <testcase classname="sampletTestNGPrograms.Sample2" name="deleteUser" time="0.001"/>
  <system-out/>
  <testcase classname="sampletTestNGPrograms.Sample2" name="deleteUser" time="0.003"/>
  <system-out/>
  <testcase classname="sampletTestNGPrograms.Sample2" name="deleteUser" time="0.002"/>
  <system-out/>
  <testcase classname="sampletTestNGPrograms.Sample2" name="deleteUser" time="0.001"/>
  <system-out/>
  <testcase classname="sampletTestNGPrograms.Sample2" name="deleteUser" time="0.002"/>
  <system-out/>
</testsuite> <!-- sampletTestNGPrograms.Sample2 -->
