<?xml version="1.0" encoding="UTF-8"?>
<!-- Generated by org.testng.reporters.JUnitReportReporter -->
<testsuite hostname="TYSS-Anupama-A-R" failures="0" tests="1" name="testScrpitRepo.SE001" time="11.864" errors="0" timestamp="2024-01-16T12:10:31 IST" skipped="0">
  <testcase classname="testScrpitRepo.SE001" name="filterOption" time="11.864"/>
  <system-out/>
</testsuite> <!-- testScrpitRepo.SE001 -->
